<?xml version="1.0" encoding="UTF-8"?>
<!-- Generated by org.testng.reporters.JUnitXMLReporter -->
<testsuite hostname="DESKTOP-T3UULDR" ignored="0" name="Default test" tests="3" failures="0" timestamp="2021-08-15T08:44:36 IST" time="0.36" errors="0">
  <testcase name="integrationTest" time="0.006" classname="kshitijPersonal.Seleniumproject1.DataWithHashMap"/>
  <testcase name="integrationTest" time="0.001" classname="kshitijPersonal.Seleniumproject1.DataWithHashMap"/>
  <testcase name="integrationTest" time="0.001" classname="kshitijPersonal.Seleniumproject1.DataWithHashMap"/>
</testsuite> <!-- Default test -->
